<?xml version="1.0" encoding="UTF-8"?>
<!-- Generated by org.testng.reporters.JUnitReportReporter -->
<testsuite hostname="Navneet" failures="0" tests="3" name="org.acharyaprashant.testCases.TS_001_ArticlesHomePage" time="47.422" errors="0" timestamp="2024-09-01T23:34:26 IST" skipped="0">
  <testcase classname="org.acharyaprashant.testCases.TS_001_ArticlesHomePage" name="verifyArticlViewCounts" time="9.801"/>
  <system-out/>
  <testcase classname="org.acharyaprashant.testCases.TS_001_ArticlesHomePage" name="verifyArticleLikeCounts" time="10.663"/>
  <system-out/>
  <testcase classname="org.acharyaprashant.testCases.TS_001_ArticlesHomePage" name="verifyArticleCommentsCounts" time="26.958"/>
  <system-out/>
</testsuite> <!-- org.acharyaprashant.testCases.TS_001_ArticlesHomePage -->
